\BOOKMARK [1][-]{Doc-Start}{\376\377\0001\060\000\225\356\230\230\221\315\217\360}{}% 1
\BOOKMARK [2][-]{subsection.1.1}{\376\377\0001\000.\0001\000\040\225\356\230\230\200\314\146\157}{Doc-Start}% 2
\BOOKMARK [2][-]{subsection.1.2}{\376\377\0001\000.\0002\000\040\225\356\230\230\221\315\217\360}{Doc-Start}% 3
\BOOKMARK [1][-]{subsection.1.2}{\376\377\0002\060\000\225\356\230\230\122\006\147\220}{}% 4
\BOOKMARK [2][-]{subsection.2.1}{\376\377\0002\000.\0001\000\040\122\006\147\220}{subsection.1.2}% 5
\BOOKMARK [1][-]{subsection.2.1}{\376\377\0003\060\000\152\041\127\213\120\107\213\276}{}% 6
\BOOKMARK [1][-]{Item.7}{\376\377\0004\060\000\173\046\123\367\213\364\146\016\123\312\124\015\171\360\133\232\116\111}{}% 7
\BOOKMARK [1][-]{table.caption.1}{\376\377\0005\060\000\152\041\127\213\136\372\172\313\116\016\154\102\211\343}{}% 8
\BOOKMARK [2][-]{subsection.5.1}{\376\377\0005\000.\0001\000\040\225\356\230\230\116\000\000:\145\160\143\156\145\066\226\306\060\001\145\160\143\156\230\204\131\004\164\006\116\016\143\317\217\360\140\047\122\006\147\220}{table.caption.1}% 9
\BOOKMARK [3][-]{subsubsection.5.1.1}{\376\377\0005\000.\0001\000.\0001\000\040\145\160\143\156\145\066\226\306}{subsection.5.1}% 10
\BOOKMARK [3][-]{subsubsection.5.1.2}{\376\377\0005\000.\0001\000.\0002\000\040\145\160\143\156\230\204\131\004\164\006}{subsection.5.1}% 11
\BOOKMARK [3][-]{subsubsection.5.1.3}{\376\377\0005\000.\0001\000.\0003\000\040\145\160\143\156\143\317\217\360\140\047\122\006\147\220}{subsection.5.1}% 12
\BOOKMARK [2][-]{subsection.5.2}{\376\377\0005\000.\0002\000\040\225\356\230\230\116\214\000:\123\125\123\330\221\317\126\336\137\122\152\041\127\213\230\204\155\113\220\032\215\047\201\250\200\300\163\207\116\016\176\374\124\010\131\032\121\103\126\336\137\122\152\041\127\213\230\204\155\113\220\032\215\047\201\250\200\300\163\207}{table.caption.1}% 13
\BOOKMARK [3][-]{subsubsection.5.2.1}{\376\377\0005\000.\0002\000.\0001\000\040\136\177\116\111\215\047\136\001\117\233\136\224\221\317\377\010\000M\0002\377\011\116\016\220\032\215\047\201\250\200\300\163\207\377\010\000I\000R\377\011\116\113\225\364\166\204\121\163\174\373}{subsection.5.2}% 14
\BOOKMARK [3][-]{subsubsection.5.2.2}{\376\377\0005\000.\0002\000.\0002\000\040\126\375\154\021\140\073\145\066\121\145\377\010\000G\000N\000I\377\011\116\016\220\032\215\047\201\250\200\300\163\207\377\010\000I\000R\377\011\116\113\225\364\166\204\121\163\174\373}{subsection.5.2}% 15
\BOOKMARK [3][-]{subsubsection.5.2.3}{\376\377\0005\000.\0002\000.\0003\000\040\133\236\226\105\122\051\163\207\377\010\000R\000I\000R\377\011\116\016\220\032\215\047\201\250\200\300\163\207\377\010\000I\000R\377\011\116\113\225\364\166\204\121\163\174\373}{subsection.5.2}% 16
\BOOKMARK [3][-]{subsubsection.5.2.4}{\376\377\0005\000.\0002\000.\0004\000\040\176\374\124\010\152\041\127\213\377\032\131\032\121\103\176\277\140\047\126\336\137\122\210\150\217\276\137\017}{subsection.5.2}% 17
\BOOKMARK [2][-]{subsection.5.3}{\376\377\0005\000.\0003\000\040\225\356\230\230\116\011}{table.caption.1}% 18
\BOOKMARK [3][-]{subsubsection.5.3.1}{\376\377\0005\000.\0003\000.\0001\000\040\136\163\172\063\140\047\150\300\232\214}{subsection.5.3}% 19
\BOOKMARK [3][-]{subsubsection.5.3.2}{\376\377\0005\000.\0003\000.\0002\000\040\123\117\145\164\140\047\150\300\232\214}{subsection.5.3}% 20
\BOOKMARK [3][-]{subsubsection.5.3.3}{\376\377\0005\000.\0003\000.\0003\000\040\126\340\147\234\121\163\174\373\150\300\232\214}{subsection.5.3}% 21
\BOOKMARK [1][-]{equation.5.8}{\376\377\0006\060\000\225\356\230\230\126\333}{}% 22
\BOOKMARK [1][-]{equation.5.8}{\376\377\0007\060\000\152\041\127\213\213\304\116\367\116\016\145\071\217\333}{}% 23
\BOOKMARK [1][-]{appendix.A}{\376\377\000A\000\040\116\073\211\201\117\177\165\050\166\204\217\157\116\366}{}% 24
\BOOKMARK [1][-]{appendix.B}{\376\377\000B\000\040\172\013\136\217\116\343\170\001}{}% 25
